<?xml version="1.0" encoding="UTF-8"?>
<!-- Generated by org.testng.reporters.JUnitXMLReporter -->
<testsuite ignored="0" hostname="CRKRL-GULLLFAR1" failures="0" tests="3" name="Default test" time="9.897" errors="0" timestamp="2020-03-01T02:20:49 PKT">
  <testcase classname="example.TestLoginMain" name="testLoginSuccessful" time="2.437"/>
  <testcase classname="example.TestLoginMain" name="testLoginSuccessful" time="0.775"/>
  <testcase classname="example.TestLoginMain" name="testLoginSuccessful" time="0.675"/>
</testsuite> <!-- Default test -->
