<?xml version="1.0" encoding="UTF-8"?>
<testng-results ignored="0" total="3" passed="3" failed="0" skipped="0">
  <reporter-output>
  </reporter-output>
  <suite started-at="2020-03-01T02:20:39 PKT" name="Default suite" finished-at="2020-03-01T02:20:49 PKT" duration-ms="9897">
    <groups>
    </groups>
    <test started-at="2020-03-01T02:20:39 PKT" name="Default test" finished-at="2020-03-01T02:20:49 PKT" duration-ms="9897">
      <class name="example.TestLoginMain">
        <test-method is-config="true" signature="beforeTest()[pri:0, instance:example.TestLoginMain@4550bb58]" started-at="2020-03-01T02:20:39 PKT" name="beforeTest" finished-at="2020-03-01T02:20:45 PKT" duration-ms="5762" status="PASS">
          <reporter-output>
          </reporter-output>
        </test-method> <!-- beforeTest -->
        <test-method signature="testLoginSuccessful(java.lang.String, java.lang.String)[pri:0, instance:example.TestLoginMain@4550bb58]" started-at="2020-03-01T02:20:45 PKT" name="testLoginSuccessful" data-provider="LoginDetails" finished-at="2020-03-01T02:20:47 PKT" duration-ms="2437" status="PASS">
          <params>
            <param index="0">
              <value>
                <![CDATA[Guru99]]>
              </value>
            </param>
            <param index="1">
              <value>
                <![CDATA[India]]>
              </value>
            </param>
          </params>
          <reporter-output>
          </reporter-output>
        </test-method> <!-- testLoginSuccessful -->
        <test-method signature="testLoginSuccessful(java.lang.String, java.lang.String)[pri:0, instance:example.TestLoginMain@4550bb58]" started-at="2020-03-01T02:20:47 PKT" name="testLoginSuccessful" data-provider="LoginDetails" finished-at="2020-03-01T02:20:48 PKT" duration-ms="775" status="PASS">
          <params>
            <param index="0">
              <value>
                <![CDATA[Krishna]]>
              </value>
            </param>
            <param index="1">
              <value>
                <![CDATA[UK]]>
              </value>
            </param>
          </params>
          <reporter-output>
          </reporter-output>
        </test-method> <!-- testLoginSuccessful -->
        <test-method signature="testLoginSuccessful(java.lang.String, java.lang.String)[pri:0, instance:example.TestLoginMain@4550bb58]" started-at="2020-03-01T02:20:48 PKT" name="testLoginSuccessful" data-provider="LoginDetails" finished-at="2020-03-01T02:20:48 PKT" duration-ms="675" status="PASS">
          <params>
            <param index="0">
              <value>
                <![CDATA[Bhupesh]]>
              </value>
            </param>
            <param index="1">
              <value>
                <![CDATA[USA]]>
              </value>
            </param>
          </params>
          <reporter-output>
          </reporter-output>
        </test-method> <!-- testLoginSuccessful -->
        <test-method is-config="true" signature="afterTest()[pri:0, instance:example.TestLoginMain@4550bb58]" started-at="2020-03-01T02:20:48 PKT" name="afterTest" finished-at="2020-03-01T02:20:49 PKT" duration-ms="189" status="PASS">
          <reporter-output>
          </reporter-output>
        </test-method> <!-- afterTest -->
      </class> <!-- example.TestLoginMain -->
    </test> <!-- Default test -->
  </suite> <!-- Default suite -->
</testng-results>
